<?xml version="1.0" encoding="UTF-8"?>
<!-- Generated by org.testng.reporters.JUnitXMLReporter -->
<testsuite ignored="0" hostname="Monikas-MacBook-Pro.local" failures="0" tests="6" name="TestMyPedia" time="76.643" errors="0" timestamp="2021-05-31T16:32:18 IST">
  <testcase classname="testscripts.TestMyPedia" name="closeTheIframe" time="40.325"/>
  <testcase classname="testscripts.TestMyPedia" name="verifyLanguageDropdown" time="4.336"/>
  <testcase classname="testscripts.TestMyPedia" name="createNewAccount" time="6.426"/>
  <testcase classname="testscripts.TestMyPedia" name="createNewAccount" time="6.09"/>
  <testcase classname="testscripts.TestMyPedia" name="createNewAccount" time="6.047"/>
  <testcase classname="testscripts.TestMyPedia" name="createNewAccount" time="5.874"/>
</testsuite> <!-- TestMyPedia -->
