<?xml version="1.0" encoding="UTF-8"?>
<!-- Generated by org.testng.reporters.JUnitXMLReporter -->
<testsuite ignored="0" hostname="Monikas-MacBook-Pro.local" failures="0" tests="6" name="TestMyPedia" time="84.191" errors="0" timestamp="2021-05-30T20:12:32 IST">
  <testcase classname="testscripts.TestMyPedia" name="closeTheIframe" time="40.429"/>
  <testcase classname="testscripts.TestMyPedia" name="verifyLanguageDropdown" time="11.543"/>
  <testcase classname="testscripts.TestMyPedia" name="createNewAccount" time="6.817"/>
  <testcase classname="testscripts.TestMyPedia" name="createNewAccount" time="6.098"/>
  <testcase classname="testscripts.TestMyPedia" name="createNewAccount" time="6.103"/>
  <testcase classname="testscripts.TestMyPedia" name="createNewAccount" time="5.987"/>
</testsuite> <!-- TestMyPedia -->
