<?xml version="1.0" encoding="UTF-8"?>
<testsuite xmlns:xsi="http://www.w3.org/2001/XMLSchema-instance" xsi:noNamespaceSchemaLocation="https://maven.apache.org/surefire/maven-surefire-plugin/xsd/surefire-test-report-3.0.xsd" version="3.0" name="TestSuite" time="77.082" tests="6" errors="0" skipped="0" failures="0">
  <properties>
[...]
</properties>
  <testcase name="closeTheIframe" classname="testscripts.TestMyPedia" time="40.324">
    <system-err><![CDATA[Starting ChromeDriver 91.0.4472.19 (1bf021f248676a0b2ab3ee0561d83a59e424c23e-refs/branch-heads/4472@{#288}) on port 29055
Only local connections are allowed.
Please see https://chromedriver.chromium.org/security-considerations for suggestions on keeping ChromeDriver safe.
ChromeDriver was started successfully.
May 31, 2021 4:31:04 PM org.openqa.selenium.remote.ProtocolHandshake createSession
INFO: Detected dialect: W3C
]]></system-err>
  </testcase>
  <testcase name="verifyLanguageDropdown" classname="testscripts.TestMyPedia" time="4.335"/>
  <testcase name="createNewAccount[TestFirst, TestFirstLastName, testing@test.com, TestParent, Test@123, Test@123](1)" classname="testscripts.TestMyPedia" time="6.426">
    <system-out><![CDATA[TestMyPedia
]]></system-out>
  </testcase>
  <testcase name="createNewAccount[TestSecond, TestSecondLastName, testing2@test.com, TestSecondParent, Test@1234, Test@1234](2)" classname="testscripts.TestMyPedia" time="6.09"/>
  <testcase name="createNewAccount[TestThird, TestThirdLastName, testing3@test.com, TestThirdParent, Test@12345, Test@12345](3)" classname="testscripts.TestMyPedia" time="6.046"/>
  <testcase name="createNewAccount[TestFour, TestFourLastName, testing4@test.com, TestFourParent, Test@123456, Test@123456](4)" classname="testscripts.TestMyPedia" time="5.873"/>
</testsuite>